<?xml version="1.0" encoding="UTF-8"?>
<!-- Generated by org.testng.reporters.JUnitReportReporter -->
<testsuite hostname="M7-DX-HVLTXJ2" name="Cucumber.RunnerClass" tests="1" failures="0" timestamp="8 Aug 2019 06:15:01 GMT" time="21.493" errors="0">
  <testcase name="feature" time="21.493" classname="Cucumber.RunnerClass"/>
</testsuite> <!-- Cucumber.RunnerClass -->
